Using pre-set license
Built from '2020.3/staging' branch; Version is '2020.3.16f1 (049d6eca3c44) revision 302446'; Using compiler version '192528614'; Build Type 'Release'
OS: 'Windows 10 Pro; OS build 19043.1165; Version 2009; 64bit' Language: 'en' Physical Memory: 16172 MB
BatchMode: 1, IsHumanControllingUs: 0, StartBugReporterOnCrash: 0, Is64bit: 1, IsPro: 0

 COMMAND LINE ARGUMENTS:
C:\Program Files\Unity\Hub\Editor\2020.3.16f1\Editor\Unity.exe
-adb2
-batchMode
-noUpm
-name
AssetImportWorker0
-projectPath
D:/Perfil Usuario/Desktop/Study/prueba
-logFile
Logs/AssetImportWorker0.log
-srvPort
58061
Successfully changed project path to: D:/Perfil Usuario/Desktop/Study/prueba
D:/Perfil Usuario/Desktop/Study/prueba
Using Asset Import Pipeline V2.
Refreshing native plugins compatible for Editor in 80.47 ms, found 3 plugins.
Preloading 0 native plugins for Editor in 0.00 ms.
Initialize engine version: 2020.3.16f1 (049d6eca3c44)
[Subsystems] Discovering subsystems at path C:/Program Files/Unity/Hub/Editor/2020.3.16f1/Editor/Data/Resources/UnitySubsystems
[Subsystems] Discovering subsystems at path D:/Perfil Usuario/Desktop/Study/prueba/Assets
GfxDevice: creating device client; threaded=0
Direct3D:
    Version:  Direct3D 11.0 [level 11.0]
    Renderer: NVIDIA GeForce GTX 750 (ID=0x1381)
    Vendor:   
    VRAM:     2007 MB
    Driver:   30.0.14.7168
Initialize mono
Mono path[0] = 'C:/Program Files/Unity/Hub/Editor/2020.3.16f1/Editor/Data/Managed'
Mono path[1] = 'C:/Program Files/Unity/Hub/Editor/2020.3.16f1/Editor/Data/MonoBleedingEdge/lib/mono/unityjit'
Mono config path = 'C:/Program Files/Unity/Hub/Editor/2020.3.16f1/Editor/Data/MonoBleedingEdge/etc'
Using monoOptions --debugger-agent=transport=dt_socket,embedding=1,server=y,suspend=n,address=127.0.0.1:56700
Begin MonoManager ReloadAssembly
Registering precompiled unity dll's ...
Register platform support module: C:/Program Files/Unity/Hub/Editor/2020.3.16f1/Editor/Data/PlaybackEngines/WindowsStandaloneSupport/UnityEditor.WindowsStandalone.Extensions.dll
Registered in 0.003938 seconds.
Native extension for WindowsStandalone target not found
Refreshing native plugins compatible for Editor in 77.69 ms, found 3 plugins.
Preloading 0 native plugins for Editor in 0.00 ms.
Mono: successfully reloaded assembly
- Completed reload, in  2.956 seconds
Domain Reload Profiling:
	ReloadAssembly (2957ms)
		BeginReloadAssembly (70ms)
			ExecutionOrderSort (0ms)
			DisableScriptedObjects (0ms)
			BackupInstance (0ms)
			ReleaseScriptingObjects (0ms)
			CreateAndSetChildDomain (1ms)
		EndReloadAssembly (796ms)
			LoadAssemblies (66ms)
			RebuildTransferFunctionScriptingTraits (0ms)
			SetupTypeCache (417ms)
			ReleaseScriptCaches (0ms)
			RebuildScriptCaches (37ms)
			SetupLoadedEditorAssemblies (249ms)
				LogAssemblyErrors (0ms)
				InitializePlatformSupportModulesInManaged (5ms)
				SetLoadedEditorAssemblies (0ms)
				RefreshPlugins (78ms)
				BeforeProcessingInitializeOnLoad (20ms)
				ProcessInitializeOnLoadAttributes (111ms)
				ProcessInitializeOnLoadMethodAttributes (35ms)
				AfterProcessingInitializeOnLoad (0ms)
				EditorAssembliesLoaded (0ms)
			ExecutionOrderSort2 (0ms)
			AwakeInstancesAfterBackupRestoration (0ms)
Platform modules already initialized, skipping
Registering precompiled user dll's ...
Registered in 0.016250 seconds.
Begin MonoManager ReloadAssembly
Native extension for WindowsStandalone target not found
Refreshing native plugins compatible for Editor in 76.31 ms, found 3 plugins.
Preloading 0 native plugins for Editor in 0.00 ms.
Mono: successfully reloaded assembly
- Completed reload, in  3.176 seconds
Domain Reload Profiling:
	ReloadAssembly (3178ms)
		BeginReloadAssembly (184ms)
			ExecutionOrderSort (0ms)
			DisableScriptedObjects (5ms)
			BackupInstance (0ms)
			ReleaseScriptingObjects (0ms)
			CreateAndSetChildDomain (23ms)
		EndReloadAssembly (2892ms)
			LoadAssemblies (216ms)
			RebuildTransferFunctionScriptingTraits (0ms)
			SetupTypeCache (511ms)
			ReleaseScriptCaches (1ms)
			RebuildScriptCaches (68ms)
			SetupLoadedEditorAssemblies (1956ms)
				LogAssemblyErrors (0ms)
				InitializePlatformSupportModulesInManaged (5ms)
				SetLoadedEditorAssemblies (0ms)
				RefreshPlugins (76ms)
				BeforeProcessingInitializeOnLoad (112ms)
				ProcessInitializeOnLoadAttributes (1742ms)
				ProcessInitializeOnLoadMethodAttributes (5ms)
				AfterProcessingInitializeOnLoad (15ms)
				EditorAssembliesLoaded (0ms)
			ExecutionOrderSort2 (0ms)
			AwakeInstancesAfterBackupRestoration (8ms)
Platform modules already initialized, skipping
========================================================================
Worker process is ready to serve import requests
Launched and connected shader compiler UnityShaderCompiler.exe after 0.09 seconds
Refreshing native plugins compatible for Editor in 0.78 ms, found 3 plugins.
Preloading 0 native plugins for Editor in 0.00 ms.
Unloading 2845 Unused Serialized files (Serialized files now loaded: 0)
System memory in use before: 134.3 MB.
System memory in use after: 134.4 MB.

Unloading 140 unused Assets to reduce memory usage. Loaded Objects now: 3318.
Total: 4.892300 ms (FindLiveObjects: 0.434000 ms CreateObjectMapping: 0.289100 ms MarkObjects: 3.920200 ms  DeleteObjects: 0.247600 ms)

AssetImportParameters requested are different than current active one (requested -> active):
  custom:framework-win-MediaFoundation: 216162199b28c13a410421893ffa2e32 -> 
  custom:video-decoder-ogg-theora: a1e56fd34408186e4bbccfd4996cb3dc -> 
  custom:container-muxer-webm: aa71ff27fc2769a1b78a27578f13a17b -> 
  custom:container-demuxer-webm: 4f35f7cbe854078d1ac9338744f61a02 -> 
  custom:container-demuxer-ogg: 62fdf1f143b41e24485cea50d1cbac27 -> 
  custom:video-encoder-webm-vp8: eb34c28f22e8b96e1ab97ce403110664 -> 
  custom:video-decoder-webm-vp8: 9c59270c3fd7afecdb556c50c9e8de78 -> 
  custom:audio-decoder-ogg-vorbis: bf7c407c2cedff20999df2af8eb42d56 -> 
  custom:audio-encoder-webm-vorbis: bf7c407c2cedff20999df2af8eb42d56 -> 
========================================================================
Received Import Request.
  path: Assets/raceCarRed.prefab
  artifactKey: Guid(eec0a9e816faf6c4a9bf525833ae92f6) Importer(815301076,1909f56bfc062723c751e8b465ee728b)
Start importing Assets/raceCarRed.prefab using Guid(eec0a9e816faf6c4a9bf525833ae92f6) Importer(815301076,1909f56bfc062723c751e8b465ee728b)  -> (artifact id: '30c76d1d4c18c355f20b7f82413c2c78') in 0.130111 seconds 
  Import took 0.150776 seconds .

========================================================================
Received Import Request.
  Time since last request: 8.383470 seconds.
  path: Assets/y2mate.com - Luigi Circuit  Mario Kart Wii OST.mp3
  artifactKey: Guid(f6484b616e97d084ab6226feb139eac3) Importer(815301076,1909f56bfc062723c751e8b465ee728b)
Start importing Assets/y2mate.com - Luigi Circuit  Mario Kart Wii OST.mp3 using Guid(f6484b616e97d084ab6226feb139eac3) Importer(815301076,1909f56bfc062723c751e8b465ee728b)  -> (artifact id: 'be574c6a9d072960a88d66fdd4f08c9e') in 0.101426 seconds 
  Import took 0.125150 seconds .

========================================================================
Received Import Request.
  Time since last request: 3.099388 seconds.
  path: Assets/y2mate.com - Luigi Circuit  Mario Kart Wii OST.mp3
  artifactKey: Guid(f6484b616e97d084ab6226feb139eac3) Importer(815301076,1909f56bfc062723c751e8b465ee728b)
Start importing Assets/y2mate.com - Luigi Circuit  Mario Kart Wii OST.mp3 using Guid(f6484b616e97d084ab6226feb139eac3) Importer(815301076,1909f56bfc062723c751e8b465ee728b)  -> (artifact id: 'be574c6a9d072960a88d66fdd4f08c9e') in 0.020120 seconds 
  Import took 0.025999 seconds .

========================================================================
Received Import Request.
  Time since last request: 3.491309 seconds.
  path: Assets/PreFbas
  artifactKey: Guid(1ab225557654a454d930138e5fff1bed) Importer(815301076,1909f56bfc062723c751e8b465ee728b)
Start importing Assets/PreFbas using Guid(1ab225557654a454d930138e5fff1bed) Importer(815301076,1909f56bfc062723c751e8b465ee728b)  -> (artifact id: '63adbf993ca99dd9c7acf26f39be7e4c') in 0.007140 seconds 
  Import took 0.014262 seconds .

========================================================================
Received Import Request.
  Time since last request: 0.002243 seconds.
  path: Assets/PreFbas
  artifactKey: Guid(1ab225557654a454d930138e5fff1bed) Importer(815301076,1909f56bfc062723c751e8b465ee728b)
Start importing Assets/PreFbas using Guid(1ab225557654a454d930138e5fff1bed) Importer(815301076,1909f56bfc062723c751e8b465ee728b)  -> (artifact id: '63adbf993ca99dd9c7acf26f39be7e4c') in 0.003193 seconds 
  Import took 0.009652 seconds .

========================================================================
Received Import Request.
  Time since last request: 30.015415 seconds.
  path: Assets/Screenshot_3.png
  artifactKey: Guid(3826763dfcbba5749b348f3ef82b87ed) Importer(815301076,1909f56bfc062723c751e8b465ee728b)
Start importing Assets/Screenshot_3.png using Guid(3826763dfcbba5749b348f3ef82b87ed) Importer(815301076,1909f56bfc062723c751e8b465ee728b)  -> (artifact id: 'a5449852bab5db0f0144f452919f9b6c') in 0.089945 seconds 
  Import took 0.096067 seconds .

========================================================================
Received Prepare
Registering precompiled user dll's ...
Registered in 0.010018 seconds.
Begin MonoManager ReloadAssembly
Native extension for WindowsStandalone target not found
Refreshing native plugins compatible for Editor in 0.81 ms, found 3 plugins.
Preloading 0 native plugins for Editor in 0.00 ms.
The assembly search path `D:/Perfil Usuario/Desktop/Study/prueba/Assets/Vehicle Physics Pro/Sdk/Editor` does not exist
at <empty>:line 0

The assembly search path `D:/Perfil Usuario/Desktop/Study/prueba/Assets/Vehicle Physics Pro/Sdk` does not exist
at <empty>:line 0

The assembly search path `D:/Perfil Usuario/Desktop/Study/prueba/Assets/Vehicle Physics Pro/Sdk/Editor` does not exist
at <empty>:line 0

The assembly search path `D:/Perfil Usuario/Desktop/Study/prueba/Assets/Vehicle Physics Pro/Sdk` does not exist
at <empty>:line 0

Mono: successfully reloaded assembly
- Completed reload, in  1.876 seconds
Domain Reload Profiling:
	ReloadAssembly (1876ms)
		BeginReloadAssembly (168ms)
			ExecutionOrderSort (0ms)
			DisableScriptedObjects (6ms)
			BackupInstance (0ms)
			ReleaseScriptingObjects (0ms)
			CreateAndSetChildDomain (51ms)
		EndReloadAssembly (1625ms)
			LoadAssemblies (147ms)
			RebuildTransferFunctionScriptingTraits (0ms)
			SetupTypeCache (417ms)
			ReleaseScriptCaches (2ms)
			RebuildScriptCaches (65ms)
			SetupLoadedEditorAssemblies (852ms)
				LogAssemblyErrors (0ms)
				InitializePlatformSupportModulesInManaged (6ms)
				SetLoadedEditorAssemblies (0ms)
				RefreshPlugins (1ms)
				BeforeProcessingInitializeOnLoad (118ms)
				ProcessInitializeOnLoadAttributes (709ms)
				ProcessInitializeOnLoadMethodAttributes (5ms)
				AfterProcessingInitializeOnLoad (13ms)
				EditorAssembliesLoaded (0ms)
			ExecutionOrderSort2 (0ms)
			AwakeInstancesAfterBackupRestoration (8ms)
Platform modules already initialized, skipping
Refreshing native plugins compatible for Editor in 0.78 ms, found 3 plugins.
Preloading 0 native plugins for Editor in 0.00 ms.
Unloading 2746 Unused Serialized files (Serialized files now loaded: 0)
System memory in use before: 130.4 MB.
System memory in use after: 130.5 MB.

Unloading 132 unused Assets to reduce memory usage. Loaded Objects now: 3334.
Total: 4.542200 ms (FindLiveObjects: 0.258600 ms CreateObjectMapping: 0.148400 ms MarkObjects: 3.908800 ms  DeleteObjects: 0.225000 ms)

AssetImportParameters requested are different than current active one (requested -> active):
  custom:framework-win-MediaFoundation: 216162199b28c13a410421893ffa2e32 -> 
  custom:video-decoder-ogg-theora: a1e56fd34408186e4bbccfd4996cb3dc -> 
  custom:container-muxer-webm: aa71ff27fc2769a1b78a27578f13a17b -> 
  custom:container-demuxer-webm: 4f35f7cbe854078d1ac9338744f61a02 -> 
  custom:container-demuxer-ogg: 62fdf1f143b41e24485cea50d1cbac27 -> 
  custom:video-encoder-webm-vp8: eb34c28f22e8b96e1ab97ce403110664 -> 
  custom:video-decoder-webm-vp8: 9c59270c3fd7afecdb556c50c9e8de78 -> 
  custom:audio-decoder-ogg-vorbis: bf7c407c2cedff20999df2af8eb42d56 -> 
  custom:audio-encoder-webm-vorbis: bf7c407c2cedff20999df2af8eb42d56 -> 
========================================================================
Received Import Request.
  Time since last request: 90.403974 seconds.
  path: Assets/Karting/Scenes/MainScene.unity
  artifactKey: Guid(92786e23da2af4a4f8803aaf44c47121) Importer(815301076,1909f56bfc062723c751e8b465ee728b)
Start importing Assets/Karting/Scenes/MainScene.unity using Guid(92786e23da2af4a4f8803aaf44c47121) Importer(815301076,1909f56bfc062723c751e8b465ee728b)  -> (artifact id: '266c29f42119c188293edde773d57308') in 0.015627 seconds 
  Import took 0.021332 seconds .

========================================================================
Received Import Request.
  Time since last request: 467.072932 seconds.
  path: Assets/Karting/Scenes/MainScene.unity
  artifactKey: Guid(92786e23da2af4a4f8803aaf44c47121) Importer(815301076,1909f56bfc062723c751e8b465ee728b)
Start importing Assets/Karting/Scenes/MainScene.unity using Guid(92786e23da2af4a4f8803aaf44c47121) Importer(815301076,1909f56bfc062723c751e8b465ee728b)  -> (artifact id: '2f13eb16e598827d67531a18fd8ef1e9') in 0.003594 seconds 
  Import took 0.010322 seconds .

========================================================================
Received Prepare
Registering precompiled user dll's ...
Registered in 0.009270 seconds.
Begin MonoManager ReloadAssembly
Native extension for WindowsStandalone target not found
Refreshing native plugins compatible for Editor in 0.75 ms, found 3 plugins.
Preloading 0 native plugins for Editor in 0.00 ms.
The assembly search path `D:/Perfil Usuario/Desktop/Study/prueba/Assets/Vehicle Physics Pro/Sdk/Editor` does not exist
at <empty>:line 0

The assembly search path `D:/Perfil Usuario/Desktop/Study/prueba/Assets/Vehicle Physics Pro/Sdk` does not exist
at <empty>:line 0

The assembly search path `D:/Perfil Usuario/Desktop/Study/prueba/Assets/Vehicle Physics Pro/Sdk/Editor` does not exist
at <empty>:line 0

The assembly search path `D:/Perfil Usuario/Desktop/Study/prueba/Assets/Vehicle Physics Pro/Sdk` does not exist
at <empty>:line 0

Mono: successfully reloaded assembly
- Completed reload, in  1.914 seconds
Domain Reload Profiling:
	ReloadAssembly (1915ms)
		BeginReloadAssembly (158ms)
			ExecutionOrderSort (0ms)
			DisableScriptedObjects (5ms)
			BackupInstance (0ms)
			ReleaseScriptingObjects (0ms)
			CreateAndSetChildDomain (49ms)
		EndReloadAssembly (1663ms)
			LoadAssemblies (160ms)
			RebuildTransferFunctionScriptingTraits (0ms)
			SetupTypeCache (437ms)
			ReleaseScriptCaches (2ms)
			RebuildScriptCaches (65ms)
			SetupLoadedEditorAssemblies (888ms)
				LogAssemblyErrors (0ms)
				InitializePlatformSupportModulesInManaged (6ms)
				SetLoadedEditorAssemblies (1ms)
				RefreshPlugins (1ms)
				BeforeProcessingInitializeOnLoad (144ms)
				ProcessInitializeOnLoadAttributes (718ms)
				ProcessInitializeOnLoadMethodAttributes (5ms)
				AfterProcessingInitializeOnLoad (13ms)
				EditorAssembliesLoaded (0ms)
			ExecutionOrderSort2 (0ms)
			AwakeInstancesAfterBackupRestoration (9ms)
Platform modules already initialized, skipping
Refreshing native plugins compatible for Editor in 0.86 ms, found 3 plugins.
Preloading 0 native plugins for Editor in 0.00 ms.
Unloading 2746 Unused Serialized files (Serialized files now loaded: 0)
System memory in use before: 130.5 MB.
System memory in use after: 130.6 MB.

Unloading 132 unused Assets to reduce memory usage. Loaded Objects now: 3337.
Total: 5.523200 ms (FindLiveObjects: 0.327500 ms CreateObjectMapping: 0.249300 ms MarkObjects: 4.731000 ms  DeleteObjects: 0.214100 ms)

AssetImportParameters requested are different than current active one (requested -> active):
  custom:framework-win-MediaFoundation: 216162199b28c13a410421893ffa2e32 -> 
  custom:video-decoder-ogg-theora: a1e56fd34408186e4bbccfd4996cb3dc -> 
  custom:container-muxer-webm: aa71ff27fc2769a1b78a27578f13a17b -> 
  custom:container-demuxer-webm: 4f35f7cbe854078d1ac9338744f61a02 -> 
  custom:container-demuxer-ogg: 62fdf1f143b41e24485cea50d1cbac27 -> 
  custom:video-encoder-webm-vp8: eb34c28f22e8b96e1ab97ce403110664 -> 
  custom:video-decoder-webm-vp8: 9c59270c3fd7afecdb556c50c9e8de78 -> 
  custom:audio-decoder-ogg-vorbis: bf7c407c2cedff20999df2af8eb42d56 -> 
  custom:audio-encoder-webm-vorbis: bf7c407c2cedff20999df2af8eb42d56 -> 
========================================================================
Received Import Request.
  Time since last request: 22.986177 seconds.
  path: Assets/PreFbas/obstaculo.prefab
  artifactKey: Guid(e4a41eec2c180fe4688f07e6521fdd52) Importer(815301076,1909f56bfc062723c751e8b465ee728b)
Start importing Assets/PreFbas/obstaculo.prefab using Guid(e4a41eec2c180fe4688f07e6521fdd52) Importer(815301076,1909f56bfc062723c751e8b465ee728b)  -> (artifact id: 'fec250736ba05be22257b92104923733') in 0.086312 seconds 
  Import took 0.092085 seconds .

========================================================================
Received Import Request.
  Time since last request: 2.792753 seconds.
  path: Assets/PreFbas/speedpad.prefab
  artifactKey: Guid(ee587910ca825424894a9c6a6aaa024a) Importer(815301076,1909f56bfc062723c751e8b465ee728b)
Start importing Assets/PreFbas/speedpad.prefab using Guid(ee587910ca825424894a9c6a6aaa024a) Importer(815301076,1909f56bfc062723c751e8b465ee728b)  -> (artifact id: 'b002cea7eb721afb9437dd2f93a13542') in 0.025730 seconds 
  Import took 0.047956 seconds .

========================================================================
Received Import Request.
  Time since last request: 34.007859 seconds.
  path: Assets/Scenes/MainScene.unity
  artifactKey: Guid(1cb19704b1482534d8ee5c27833bded6) Importer(815301076,1909f56bfc062723c751e8b465ee728b)
Start importing Assets/Scenes/MainScene.unity using Guid(1cb19704b1482534d8ee5c27833bded6) Importer(815301076,1909f56bfc062723c751e8b465ee728b)  -> (artifact id: 'c0c6a8a57408399ed4e8c0c1fdb09be2') in 0.003740 seconds 
  Import took 0.035164 seconds .

========================================================================
Received Prepare
Registering precompiled user dll's ...
Registered in 0.009569 seconds.
Begin MonoManager ReloadAssembly
Native extension for WindowsStandalone target not found
Refreshing native plugins compatible for Editor in 0.82 ms, found 3 plugins.
Preloading 0 native plugins for Editor in 0.00 ms.
The assembly search path `D:/Perfil Usuario/Desktop/Study/prueba/Assets/Vehicle Physics Pro/Sdk/Editor` does not exist
at <empty>:line 0

The assembly search path `D:/Perfil Usuario/Desktop/Study/prueba/Assets/Vehicle Physics Pro/Sdk` does not exist
at <empty>:line 0

The assembly search path `D:/Perfil Usuario/Desktop/Study/prueba/Assets/Vehicle Physics Pro/Sdk/Editor` does not exist
at <empty>:line 0

The assembly search path `D:/Perfil Usuario/Desktop/Study/prueba/Assets/Vehicle Physics Pro/Sdk` does not exist
at <empty>:line 0

Mono: successfully reloaded assembly
- Completed reload, in  1.957 seconds
Domain Reload Profiling:
	ReloadAssembly (1958ms)
		BeginReloadAssembly (149ms)
			ExecutionOrderSort (0ms)
			DisableScriptedObjects (6ms)
			BackupInstance (0ms)
			ReleaseScriptingObjects (0ms)
			CreateAndSetChildDomain (49ms)
		EndReloadAssembly (1720ms)
			LoadAssemblies (161ms)
			RebuildTransferFunctionScriptingTraits (0ms)
			SetupTypeCache (578ms)
			ReleaseScriptCaches (2ms)
			RebuildScriptCaches (64ms)
			SetupLoadedEditorAssemblies (808ms)
				LogAssemblyErrors (0ms)
				InitializePlatformSupportModulesInManaged (6ms)
				SetLoadedEditorAssemblies (0ms)
				RefreshPlugins (1ms)
				BeforeProcessingInitializeOnLoad (121ms)
				ProcessInitializeOnLoadAttributes (661ms)
				ProcessInitializeOnLoadMethodAttributes (5ms)
				AfterProcessingInitializeOnLoad (13ms)
				EditorAssembliesLoaded (0ms)
			ExecutionOrderSort2 (0ms)
			AwakeInstancesAfterBackupRestoration (10ms)
Platform modules already initialized, skipping
Refreshing native plugins compatible for Editor in 0.91 ms, found 3 plugins.
Preloading 0 native plugins for Editor in 0.00 ms.
Unloading 2746 Unused Serialized files (Serialized files now loaded: 0)
System memory in use before: 130.6 MB.
System memory in use after: 130.7 MB.

Unloading 132 unused Assets to reduce memory usage. Loaded Objects now: 3343.
Total: 4.678200 ms (FindLiveObjects: 0.249200 ms CreateObjectMapping: 0.120600 ms MarkObjects: 4.058600 ms  DeleteObjects: 0.248300 ms)

AssetImportParameters requested are different than current active one (requested -> active):
  custom:framework-win-MediaFoundation: 216162199b28c13a410421893ffa2e32 -> 
  custom:video-decoder-ogg-theora: a1e56fd34408186e4bbccfd4996cb3dc -> 
  custom:container-muxer-webm: aa71ff27fc2769a1b78a27578f13a17b -> 
  custom:container-demuxer-webm: 4f35f7cbe854078d1ac9338744f61a02 -> 
  custom:container-demuxer-ogg: 62fdf1f143b41e24485cea50d1cbac27 -> 
  custom:video-encoder-webm-vp8: eb34c28f22e8b96e1ab97ce403110664 -> 
  custom:video-decoder-webm-vp8: 9c59270c3fd7afecdb556c50c9e8de78 -> 
  custom:audio-decoder-ogg-vorbis: bf7c407c2cedff20999df2af8eb42d56 -> 
  custom:audio-encoder-webm-vorbis: bf7c407c2cedff20999df2af8eb42d56 -> 
AssetImportWorkerClient::OnTransportError - code=2 error=End of file
